<?xml version="1.0" encoding="UTF-8" ?>
<testsuite tests="6" failures="2" name="com.polynomial.calculator.polynomialcalculator.PolynomialTest" time="0.01" errors="0" skipped="0">
  <properties>
    <property name="idea.version" value="2023.3.4"/>
    <property name="java.runtime.name" value="OpenJDK Runtime Environment"/>
    <property name="java.vm.version" value="21.0.2+13-58"/>
    <property name="sun.boot.library.path" value="/Users/alexmihoc/Library/Java/JavaVirtualMachines/openjdk-21.0.2/Contents/Home/lib"/>
    <property name="maven.multiModuleProjectDirectory" value="/Users/alexmihoc/Desktop/Polynomial-Calculator"/>
    <property name="java.vm.vendor" value="Oracle Corporation"/>
    <property name="java.vendor.url" value="https://java.oracle.com/"/>
    <property name="guice.disable.misplaced.annotation.check" value="true"/>
    <property name="path.separator" value=":"/>
    <property name="java.vm.name" value="OpenJDK 64-Bit Server VM"/>
    <property name="user.country" value="US"/>
    <property name="sun.java.launcher" value="SUN_STANDARD"/>
    <property name="java.vm.specification.name" value="Java Virtual Machine Specification"/>
    <property name="user.dir" value="/Users/alexmihoc/Desktop/Polynomial-Calculator"/>
    <property name="java.vm.compressedOopsMode" value="Zero based"/>
    <property name="java.runtime.version" value="21.0.2+13-58"/>
    <property name="os.arch" value="aarch64"/>
    <property name="java.io.tmpdir" value="/var/folders/xh/6rr4nggd1ls92f7m5xqggqfm0000gn/T/"/>
    <property name="line.separator" value="
"/>
    <property name="java.vm.specification.vendor" value="Oracle Corporation"/>
    <property name="stderr.encoding" value="UTF-8"/>
    <property name="os.name" value="Mac OS X"/>
    <property name="maven.ext.class.path" value="/Applications/IntelliJ IDEA.app/Contents/plugins/maven/lib/maven-event-listener.jar"/>
    <property name="classworlds.conf" value="/Users/alexmihoc/.m2/wrapper/dists/apache-maven-3.8.5-bin/5i5jha092a3i37g0paqnfr15e0/apache-maven-3.8.5/bin/m2.conf"/>
    <property name="sun.jnu.encoding" value="UTF-8"/>
    <property name="stdout.encoding" value="UTF-8"/>
    <property name="java.library.path" value="/Users/alexmihoc/Library/Java/Extensions:/Library/Java/Extensions:/Network/Library/Java/Extensions:/System/Library/Java/Extensions:/usr/lib/java:."/>
    <property name="jansi.passthrough" value="true"/>
    <property name="maven.conf" value="/Users/alexmihoc/.m2/wrapper/dists/apache-maven-3.8.5-bin/5i5jha092a3i37g0paqnfr15e0/apache-maven-3.8.5/conf"/>
    <property name="jdk.debug" value="release"/>
    <property name="java.class.version" value="65.0"/>
    <property name="java.specification.name" value="Java Platform API Specification"/>
    <property name="sun.management.compiler" value="HotSpot 64-Bit Tiered Compilers"/>
    <property name="os.version" value="14.1"/>
    <property name="http.nonProxyHosts" value="local|*.local|169.254/16|*.169.254/16"/>
    <property name="user.home" value="/Users/alexmihoc"/>
    <property name="user.timezone" value="Europe/Bucharest"/>
    <property name="file.encoding" value="UTF-8"/>
    <property name="java.specification.version" value="21"/>
    <property name="user.name" value="alexmihoc"/>
    <property name="java.class.path" value="/Users/alexmihoc/.m2/wrapper/dists/apache-maven-3.8.5-bin/5i5jha092a3i37g0paqnfr15e0/apache-maven-3.8.5/boot/plexus-classworlds.license:/Users/alexmihoc/.m2/wrapper/dists/apache-maven-3.8.5-bin/5i5jha092a3i37g0paqnfr15e0/apache-maven-3.8.5/boot/plexus-classworlds-2.6.0.jar"/>
    <property name="java.vm.specification.version" value="21"/>
    <property name="sun.arch.data.model" value="64"/>
    <property name="sun.java.command" value="org.codehaus.classworlds.Launcher -Didea.version=2023.3.4 test"/>
    <property name="java.home" value="/Users/alexmihoc/Library/Java/JavaVirtualMachines/openjdk-21.0.2/Contents/Home"/>
    <property name="apple.awt.application.name" value="Launcher"/>
    <property name="user.language" value="en"/>
    <property name="java.specification.vendor" value="Oracle Corporation"/>
    <property name="java.vm.info" value="mixed mode, sharing"/>
    <property name="java.version" value="21.0.2"/>
    <property name="native.encoding" value="UTF-8"/>
    <property name="java.vendor" value="Oracle Corporation"/>
    <property name="sun.stderr.encoding" value="UTF-8"/>
    <property name="maven.home" value="/Users/alexmihoc/.m2/wrapper/dists/apache-maven-3.8.5-bin/5i5jha092a3i37g0paqnfr15e0/apache-maven-3.8.5"/>
    <property name="file.separator" value="/"/>
    <property name="java.version.date" value="2024-01-16"/>
    <property name="java.vendor.url.bug" value="https://bugreport.java.com/bugreport/"/>
    <property name="sun.io.unicode.encoding" value="UnicodeBig"/>
    <property name="sun.cpu.endian" value="little"/>
    <property name="sun.stdout.encoding" value="UTF-8"/>
    <property name="socksNonProxyHosts" value="local|*.local|169.254/16|*.169.254/16"/>
    <property name="ftp.nonProxyHosts" value="local|*.local|169.254/16|*.169.254/16"/>
  </properties>
  <testcase classname="com.polynomial.calculator.polynomialcalculator.PolynomialTest" name="com.polynomial.calculator.polynomialcalculator.PolynomialTest.testAddition" time="0.002"/>
  <testcase classname="com.polynomial.calculator.polynomialcalculator.PolynomialTest" name="com.polynomial.calculator.polynomialcalculator.PolynomialTest.testSubtraction" time="0"/>
  <testcase classname="com.polynomial.calculator.polynomialcalculator.PolynomialTest" name="com.polynomial.calculator.polynomialcalculator.PolynomialTest.testMultiplication" time="0"/>
  <testcase classname="com.polynomial.calculator.polynomialcalculator.PolynomialTest" name="com.polynomial.calculator.polynomialcalculator.PolynomialTest.testSimplify" time="0.002">
    <failure message="For input string: &quot;-&quot;" type="java.lang.NumberFormatException">java.lang.NumberFormatException: For input string: &quot;-&quot;
	at java.base/java.lang.NumberFormatException.forInputString(NumberFormatException.java:67)
	at java.base/java.lang.Integer.parseInt(Integer.java:652)
	at java.base/java.lang.Integer.parseInt(Integer.java:778)
	at com.polynomial.calculator.polynomialcalculator.models.Polynomial.fromString(Polynomial.java:36)
	at com.polynomial.calculator.polynomialcalculator.PolynomialTest.testSimplify(PolynomialTest.java:53)
</failure>
  </testcase>
  <testcase classname="com.polynomial.calculator.polynomialcalculator.PolynomialTest" name="com.polynomial.calculator.polynomialcalculator.PolynomialTest.testDerivative" time="0"/>
  <testcase classname="com.polynomial.calculator.polynomialcalculator.PolynomialTest" name="com.polynomial.calculator.polynomialcalculator.PolynomialTest.testIntegration" time="0.006">
    <failure message="The integration result is incorrect. ==&gt; expected: &lt;-1/4x^4+3/2x^2&gt; but was: &lt;-0.25x^4+1.50x^2&gt;" type="org.opentest4j.AssertionFailedError">org.opentest4j.AssertionFailedError: The integration result is incorrect. ==&gt; expected: &lt;-1/4x^4+3/2x^2&gt; but was: &lt;-0.25x^4+1.50x^2&gt;
	at org.junit.jupiter.api.AssertionFailureBuilder.build(AssertionFailureBuilder.java:151)
	at org.junit.jupiter.api.AssertionFailureBuilder.buildAndThrow(AssertionFailureBuilder.java:132)
	at org.junit.jupiter.api.AssertEquals.failNotEqual(AssertEquals.java:197)
	at org.junit.jupiter.api.AssertEquals.assertEquals(AssertEquals.java:182)
	at org.junit.jupiter.api.Assertions.assertEquals(Assertions.java:1152)
	at com.polynomial.calculator.polynomialcalculator.PolynomialTest.testIntegration(PolynomialTest.java:77)
</failure>
  </testcase>
</testsuite>