<?xml version="1.0" encoding="UTF-8" ?>
<testsuite tests="6" failures="2" name="com.polynomial.calculator.polynomialcalculator.PolynomialTest" time="0.01" errors="0" skipped="0">
  <properties>
[...]
</properties>
  <testcase classname="com.polynomial.calculator.polynomialcalculator.PolynomialTest" name="com.polynomial.calculator.polynomialcalculator.PolynomialTest.testAddition" time="0.002"/>
  <testcase classname="com.polynomial.calculator.polynomialcalculator.PolynomialTest" name="com.polynomial.calculator.polynomialcalculator.PolynomialTest.testSubtraction" time="0"/>
  <testcase classname="com.polynomial.calculator.polynomialcalculator.PolynomialTest" name="com.polynomial.calculator.polynomialcalculator.PolynomialTest.testMultiplication" time="0"/>
  <testcase classname="com.polynomial.calculator.polynomialcalculator.PolynomialTest" name="com.polynomial.calculator.polynomialcalculator.PolynomialTest.testSimplify" time="0.002">
    <failure message="For input string: &quot;-&quot;" type="java.lang.NumberFormatException">java.lang.NumberFormatException: For input string: &quot;-&quot;
	at java.base/java.lang.NumberFormatException.forInputString(NumberFormatException.java:67)
	at java.base/java.lang.Integer.parseInt(Integer.java:652)
	at java.base/java.lang.Integer.parseInt(Integer.java:778)
	at com.polynomial.calculator.polynomialcalculator.models.Polynomial.fromString(Polynomial.java:36)
	at com.polynomial.calculator.polynomialcalculator.PolynomialTest.testSimplify(PolynomialTest.java:53)
</failure>
  </testcase>
  <testcase classname="com.polynomial.calculator.polynomialcalculator.PolynomialTest" name="com.polynomial.calculator.polynomialcalculator.PolynomialTest.testDerivative" time="0"/>
  <testcase classname="com.polynomial.calculator.polynomialcalculator.PolynomialTest" name="com.polynomial.calculator.polynomialcalculator.PolynomialTest.testIntegration" time="0.006">
    <failure message="The integration result is incorrect. ==&gt; expected: &lt;-1/4x^4+3/2x^2&gt; but was: &lt;-0.25x^4+1.50x^2&gt;" type="org.opentest4j.AssertionFailedError">org.opentest4j.AssertionFailedError: The integration result is incorrect. ==&gt; expected: &lt;-1/4x^4+3/2x^2&gt; but was: &lt;-0.25x^4+1.50x^2&gt;
	at org.junit.jupiter.api.AssertionFailureBuilder.build(AssertionFailureBuilder.java:151)
	at org.junit.jupiter.api.AssertionFailureBuilder.buildAndThrow(AssertionFailureBuilder.java:132)
	at org.junit.jupiter.api.AssertEquals.failNotEqual(AssertEquals.java:197)
	at org.junit.jupiter.api.AssertEquals.assertEquals(AssertEquals.java:182)
	at org.junit.jupiter.api.Assertions.assertEquals(Assertions.java:1152)
	at com.polynomial.calculator.polynomialcalculator.PolynomialTest.testIntegration(PolynomialTest.java:77)
</failure>
  </testcase>
</testsuite>